Build started 2015-11-03 15:17:15.
     1>Project "C:\Users\Simpe\Dropbox\Bachelor Thesis\Bachelor Thesis\Implementation\ParticleSimulation\ParticleSimulation\ParticleSimulation.vcxproj" on node 2 (Build target(s)).
     1>ClCompile:
         C:\Program Files (x86)\Microsoft Visual Studio 14.0\VC\bin\CL.exe /c /Zi /nologo /W3 /WX- /sdl /O2 /Oi /Oy- /GL /D _MBCS /Gm- /EHsc /MD /GS /Gy /fp:precise /Zc:wchar_t /Zc:forScope /Zc:inline /Fo"Release\\" /Fd"Release\vc140.pdb" /Gd /TP /analyze- /errorReport:prompt Code\Source\D3DApp.cpp
         D3DApp.cpp
       Link:
         C:\Program Files (x86)\Microsoft Visual Studio 14.0\VC\bin\link.exe /ERRORREPORT:PROMPT /OUT:"C:\Users\Simpe\Dropbox\Bachelor Thesis\Bachelor Thesis\Implementation\ParticleSimulation\Release\ParticleSimulation.exe" /NOLOGO kernel32.lib user32.lib gdi32.lib winspool.lib comdlg32.lib advapi32.lib shell32.lib ole32.lib oleaut32.lib uuid.lib odbc32.lib odbccp32.lib /MANIFEST /MANIFESTUAC:"level='asInvoker' uiAccess='false'" /manifest:embed /Debug /PDB:"C:\Users\Simpe\Dropbox\Bachelor Thesis\Bachelor Thesis\Implementation\ParticleSimulation\Release\ParticleSimulation.pdb" /OPT:REF /OPT:ICF /LTCG:incremental /TLBID:1 /DYNAMICBASE /NXCOMPAT /IMPLIB:"C:\Users\Simpe\Dropbox\Bachelor Thesis\Bachelor Thesis\Implementation\ParticleSimulation\Release\ParticleSimulation.lib" /MACHINE:X86 /SAFESEH Release\Camera.obj
         Release\D3DApp.obj
         Release\main.obj
         Release\ParticleSystem.obj
         Release\Scene.obj
         Release\Timer.obj
         Generating code
         3 of 352 functions ( 0.9%) were compiled, the rest were copied from previous compilation.
           0 functions were new in current compilation
           1 functions had inline decision re-evaluated but remain unchanged
         Finished generating code
         ParticleSimulation.vcxproj -> C:\Users\Simpe\Dropbox\Bachelor Thesis\Bachelor Thesis\Implementation\ParticleSimulation\Release\ParticleSimulation.exe
     1>Done Building Project "C:\Users\Simpe\Dropbox\Bachelor Thesis\Bachelor Thesis\Implementation\ParticleSimulation\ParticleSimulation\ParticleSimulation.vcxproj" (Build target(s)).

Build succeeded.

Time Elapsed 00:00:01.03
